2023-01-14 22:04:41,560 INFO o.a.j.u.JMeterUtils: Setting Locale to en_EN
2023-01-14 22:04:41,578 INFO o.a.j.JMeter: Loading user properties from: /home/lcmj/Desktop/Projects/Cloud-Ghost/jmeter/bin/user.properties
2023-01-14 22:04:41,579 INFO o.a.j.JMeter: Loading system properties from: /home/lcmj/Desktop/Projects/Cloud-Ghost/jmeter/bin/system.properties
2023-01-14 22:04:41,585 INFO o.a.j.JMeter: Copyright (c) 1998-2022 The Apache Software Foundation
2023-01-14 22:04:41,586 INFO o.a.j.JMeter: Version 5.5
2023-01-14 22:04:41,586 INFO o.a.j.JMeter: java.version=17.0.5
2023-01-14 22:04:41,586 INFO o.a.j.JMeter: java.vm.name=OpenJDK 64-Bit Server VM
2023-01-14 22:04:41,586 INFO o.a.j.JMeter: os.name=Linux
2023-01-14 22:04:41,586 INFO o.a.j.JMeter: os.arch=amd64
2023-01-14 22:04:41,586 INFO o.a.j.JMeter: os.version=5.15.0-57-generic
2023-01-14 22:04:41,586 INFO o.a.j.JMeter: file.encoding=UTF-8
2023-01-14 22:04:41,586 INFO o.a.j.JMeter: java.awt.headless=true
2023-01-14 22:04:41,587 INFO o.a.j.JMeter: Max memory     =1073741824
2023-01-14 22:04:41,587 INFO o.a.j.JMeter: Available Processors =12
2023-01-14 22:04:41,597 INFO o.a.j.JMeter: Default Locale=English (EN)
2023-01-14 22:04:41,597 INFO o.a.j.JMeter: JMeter  Locale=English (EN)
2023-01-14 22:04:41,598 INFO o.a.j.JMeter: JMeterHome=/home/lcmj/Desktop/Projects/Cloud-Ghost/jmeter
2023-01-14 22:04:41,598 INFO o.a.j.JMeter: user.dir  =/home/lcmj/Desktop/Projects/Cloud-Ghost
2023-01-14 22:04:41,598 INFO o.a.j.JMeter: PWD       =/home/lcmj/Desktop/Projects/Cloud-Ghost
2023-01-14 22:04:41,598 INFO o.a.j.JMeter: IP: 127.0.1.1 Name: lcmj FullName: lcmj
2023-01-14 22:04:41,607 INFO o.a.j.s.FileServer: Default base='/home/lcmj/Desktop/Projects/Cloud-Ghost'
2023-01-14 22:04:41,609 INFO o.a.j.s.FileServer: Set new base='/home/lcmj/Desktop/Projects/Cloud-Ghost/jmeter/jmeter_tests'
2023-01-14 22:04:41,800 INFO o.a.j.s.SaveService: Testplan (JMX) version: 2.2. Testlog (JTL) version: 2.2
2023-01-14 22:04:41,825 INFO o.a.j.s.SaveService: Using SaveService properties version 5.0
2023-01-14 22:04:41,828 INFO o.a.j.s.SaveService: Using SaveService properties file encoding UTF-8
2023-01-14 22:04:41,830 INFO o.a.j.s.SaveService: Loading file: jmeter/jmeter_tests/Test_get_100_30.jmx
2023-01-14 22:04:41,873 INFO o.a.j.p.h.s.HTTPSamplerBase: Parser for text/html is org.apache.jmeter.protocol.http.parser.LagartoBasedHtmlParser
2023-01-14 22:04:41,873 INFO o.a.j.p.h.s.HTTPSamplerBase: Parser for application/xhtml+xml is org.apache.jmeter.protocol.http.parser.LagartoBasedHtmlParser
2023-01-14 22:04:41,873 INFO o.a.j.p.h.s.HTTPSamplerBase: Parser for application/xml is org.apache.jmeter.protocol.http.parser.LagartoBasedHtmlParser
2023-01-14 22:04:41,873 INFO o.a.j.p.h.s.HTTPSamplerBase: Parser for text/xml is org.apache.jmeter.protocol.http.parser.LagartoBasedHtmlParser
2023-01-14 22:04:41,873 INFO o.a.j.p.h.s.HTTPSamplerBase: Parser for text/vnd.wap.wml is org.apache.jmeter.protocol.http.parser.RegexpHTMLParser
2023-01-14 22:04:41,873 INFO o.a.j.p.h.s.HTTPSamplerBase: Parser for text/css is org.apache.jmeter.protocol.http.parser.CssParser
2023-01-14 22:04:41,893 INFO o.a.j.JMeter: Creating summariser <summary>
2023-01-14 22:04:41,906 INFO o.a.j.e.StandardJMeterEngine: Running the test!
2023-01-14 22:04:41,908 INFO o.a.j.s.SampleEvent: List of sample_variables: []
2023-01-14 22:04:41,908 INFO o.a.j.s.SampleEvent: List of sample_variables: []
2023-01-14 22:04:41,916 INFO o.a.j.e.u.CompoundVariable: Note: Function class names must contain the string: '.functions.'
2023-01-14 22:04:41,917 INFO o.a.j.e.u.CompoundVariable: Note: Function class names must not contain the string: '.gui.'
2023-01-14 22:04:41,985 INFO o.a.j.JMeter: Running test (1673733881985)
2023-01-14 22:04:42,011 INFO o.a.j.e.StandardJMeterEngine: Starting ThreadGroup: 1 : Thread Group
2023-01-14 22:04:42,012 INFO o.a.j.e.StandardJMeterEngine: Starting 100 threads for group Thread Group.
2023-01-14 22:04:42,012 INFO o.a.j.e.StandardJMeterEngine: Thread will stop on error
2023-01-14 22:04:42,013 INFO o.a.j.t.ThreadGroup: Starting thread group... number=1 threads=100 ramp-up=1 delayedStart=false
2023-01-14 22:04:42,030 INFO o.a.j.t.JMeterThread: Thread started: Thread Group 1-2
2023-01-14 22:04:42,031 INFO o.a.j.t.JMeterThread: Thread started: Thread Group 1-1
2023-01-14 22:04:42,045 INFO o.a.j.t.JMeterThread: Thread started: Thread Group 1-4
2023-01-14 22:04:42,051 INFO o.a.j.t.JMeterThread: Thread started: Thread Group 1-3
2023-01-14 22:04:42,054 INFO o.a.j.t.JMeterThread: Thread started: Thread Group 1-5
2023-01-14 22:04:42,065 INFO o.a.j.t.JMeterThread: Thread started: Thread Group 1-6
2023-01-14 22:04:42,075 INFO o.a.j.t.JMeterThread: Thread started: Thread Group 1-7
2023-01-14 22:04:42,085 INFO o.a.j.t.JMeterThread: Thread started: Thread Group 1-8
2023-01-14 22:04:42,094 INFO o.a.j.t.JMeterThread: Thread started: Thread Group 1-9
2023-01-14 22:04:42,103 INFO o.a.j.t.ThreadGroup: Started thread group number 1
2023-01-14 22:04:42,103 INFO o.a.j.e.StandardJMeterEngine: All thread groups have been started
2023-01-14 22:04:42,104 INFO o.a.j.t.JMeterThread: Thread started: Thread Group 1-10
2023-01-14 22:04:42,114 INFO o.a.j.t.JMeterThread: Thread started: Thread Group 1-11
2023-01-14 22:04:42,125 INFO o.a.j.t.JMeterThread: Thread started: Thread Group 1-12
2023-01-14 22:04:42,134 INFO o.a.j.t.JMeterThread: Thread started: Thread Group 1-13
2023-01-14 22:04:42,146 INFO o.a.j.t.JMeterThread: Thread started: Thread Group 1-14
2023-01-14 22:04:42,154 INFO o.a.j.t.JMeterThread: Thread started: Thread Group 1-15
2023-01-14 22:04:42,163 INFO o.a.j.t.JMeterThread: Thread started: Thread Group 1-16
2023-01-14 22:04:42,174 INFO o.a.j.t.JMeterThread: Thread started: Thread Group 1-17
2023-01-14 22:04:42,184 INFO o.a.j.t.JMeterThread: Thread started: Thread Group 1-18
2023-01-14 22:04:42,194 INFO o.a.j.t.JMeterThread: Thread started: Thread Group 1-19
2023-01-14 22:04:42,204 INFO o.a.j.t.JMeterThread: Thread started: Thread Group 1-20
2023-01-14 22:04:42,213 INFO o.a.j.t.JMeterThread: Thread started: Thread Group 1-21
2023-01-14 22:04:42,224 INFO o.a.j.t.JMeterThread: Thread started: Thread Group 1-22
2023-01-14 22:04:42,234 INFO o.a.j.t.JMeterThread: Thread started: Thread Group 1-23
2023-01-14 22:04:42,244 INFO o.a.j.t.JMeterThread: Thread started: Thread Group 1-24
2023-01-14 22:04:42,254 INFO o.a.j.t.JMeterThread: Thread started: Thread Group 1-25
2023-01-14 22:04:42,264 INFO o.a.j.t.JMeterThread: Thread started: Thread Group 1-26
2023-01-14 22:04:42,273 INFO o.a.j.t.JMeterThread: Thread started: Thread Group 1-27
2023-01-14 22:04:42,284 INFO o.a.j.t.JMeterThread: Thread started: Thread Group 1-28
2023-01-14 22:04:42,294 INFO o.a.j.t.JMeterThread: Thread started: Thread Group 1-29
2023-01-14 22:04:42,304 INFO o.a.j.t.JMeterThread: Thread started: Thread Group 1-30
2023-01-14 22:04:42,313 INFO o.a.j.t.JMeterThread: Thread started: Thread Group 1-31
2023-01-14 22:04:42,324 INFO o.a.j.t.JMeterThread: Thread started: Thread Group 1-32
2023-01-14 22:04:42,334 INFO o.a.j.t.JMeterThread: Thread started: Thread Group 1-33
2023-01-14 22:04:42,344 INFO o.a.j.t.JMeterThread: Thread started: Thread Group 1-34
2023-01-14 22:04:42,351 INFO o.a.j.p.h.s.HTTPHCAbstractImpl: Local host = lcmj
2023-01-14 22:04:42,353 INFO o.a.j.t.JMeterThread: Thread started: Thread Group 1-35
2023-01-14 22:04:42,359 INFO o.a.j.p.h.s.HTTPHC4Impl: HTTP request retry count = 0
2023-01-14 22:04:42,360 INFO o.a.j.s.SampleResult: Note: Sample TimeStamps are START times
2023-01-14 22:04:42,360 INFO o.a.j.s.SampleResult: sampleresult.default.encoding is set to ISO-8859-1
2023-01-14 22:04:42,360 INFO o.a.j.s.SampleResult: sampleresult.useNanoTime=true
2023-01-14 22:04:42,360 INFO o.a.j.s.SampleResult: sampleresult.nanoThreadSleep=5000
2023-01-14 22:04:42,364 INFO o.a.j.t.JMeterThread: Thread started: Thread Group 1-36
2023-01-14 22:04:42,374 INFO o.a.j.t.JMeterThread: Thread started: Thread Group 1-37
2023-01-14 22:04:42,383 INFO o.a.j.t.JMeterThread: Thread started: Thread Group 1-38
2023-01-14 22:04:42,393 INFO o.a.j.t.JMeterThread: Thread started: Thread Group 1-39
2023-01-14 22:04:42,404 INFO o.a.j.t.JMeterThread: Thread started: Thread Group 1-40
2023-01-14 22:04:42,414 INFO o.a.j.t.JMeterThread: Thread started: Thread Group 1-41
2023-01-14 22:04:42,423 INFO o.a.j.t.JMeterThread: Thread started: Thread Group 1-42
2023-01-14 22:04:42,433 INFO o.a.j.t.JMeterThread: Thread started: Thread Group 1-43
2023-01-14 22:04:42,444 INFO o.a.j.t.JMeterThread: Thread started: Thread Group 1-44
2023-01-14 22:04:42,454 INFO o.a.j.t.JMeterThread: Thread started: Thread Group 1-45
2023-01-14 22:04:42,463 INFO o.a.j.t.JMeterThread: Thread started: Thread Group 1-46
2023-01-14 22:04:42,473 INFO o.a.j.t.JMeterThread: Thread started: Thread Group 1-47
2023-01-14 22:04:42,484 INFO o.a.j.t.JMeterThread: Thread started: Thread Group 1-48
2023-01-14 22:04:42,494 INFO o.a.j.t.JMeterThread: Thread started: Thread Group 1-49
2023-01-14 22:04:42,504 INFO o.a.j.t.JMeterThread: Thread started: Thread Group 1-50
2023-01-14 22:04:42,513 INFO o.a.j.t.JMeterThread: Thread started: Thread Group 1-51
2023-01-14 22:04:42,523 INFO o.a.j.t.JMeterThread: Thread started: Thread Group 1-52
2023-01-14 22:04:42,534 INFO o.a.j.t.JMeterThread: Thread started: Thread Group 1-53
2023-01-14 22:04:42,544 INFO o.a.j.t.JMeterThread: Thread started: Thread Group 1-54
2023-01-14 22:04:42,553 INFO o.a.j.t.JMeterThread: Thread started: Thread Group 1-55
2023-01-14 22:04:42,564 INFO o.a.j.t.JMeterThread: Thread started: Thread Group 1-56
2023-01-14 22:04:42,574 INFO o.a.j.t.JMeterThread: Thread started: Thread Group 1-57
2023-01-14 22:04:42,584 INFO o.a.j.t.JMeterThread: Thread started: Thread Group 1-58
2023-01-14 22:04:42,594 INFO o.a.j.t.JMeterThread: Thread started: Thread Group 1-59
2023-01-14 22:04:42,605 INFO o.a.j.t.JMeterThread: Thread started: Thread Group 1-60
2023-01-14 22:04:42,623 INFO o.a.j.t.JMeterThread: Thread started: Thread Group 1-62
2023-01-14 22:04:42,625 INFO o.a.j.t.JMeterThread: Thread started: Thread Group 1-61
2023-01-14 22:04:42,634 INFO o.a.j.t.JMeterThread: Thread started: Thread Group 1-63
2023-01-14 22:04:42,654 INFO o.a.j.t.JMeterThread: Thread started: Thread Group 1-65
2023-01-14 22:04:42,655 INFO o.a.j.t.JMeterThread: Thread started: Thread Group 1-64
2023-01-14 22:04:42,664 INFO o.a.j.t.JMeterThread: Thread started: Thread Group 1-66
2023-01-14 22:04:42,674 INFO o.a.j.t.JMeterThread: Thread started: Thread Group 1-67
2023-01-14 22:04:42,684 INFO o.a.j.t.JMeterThread: Thread started: Thread Group 1-68
2023-01-14 22:04:42,693 INFO o.a.j.t.JMeterThread: Thread started: Thread Group 1-69
2023-01-14 22:04:42,704 INFO o.a.j.t.JMeterThread: Thread started: Thread Group 1-70
2023-01-14 22:04:42,714 INFO o.a.j.t.JMeterThread: Thread started: Thread Group 1-71
2023-01-14 22:04:42,723 INFO o.a.j.t.JMeterThread: Thread started: Thread Group 1-72
2023-01-14 22:04:42,733 INFO o.a.j.t.JMeterThread: Thread started: Thread Group 1-73
2023-01-14 22:04:42,744 INFO o.a.j.t.JMeterThread: Thread started: Thread Group 1-74
2023-01-14 22:04:42,754 INFO o.a.j.t.JMeterThread: Thread started: Thread Group 1-75
2023-01-14 22:04:42,763 INFO o.a.j.t.JMeterThread: Thread started: Thread Group 1-76
2023-01-14 22:04:42,773 INFO o.a.j.t.JMeterThread: Thread started: Thread Group 1-77
2023-01-14 22:04:42,784 INFO o.a.j.t.JMeterThread: Thread started: Thread Group 1-78
2023-01-14 22:04:42,794 INFO o.a.j.t.JMeterThread: Thread started: Thread Group 1-79
2023-01-14 22:04:42,811 INFO o.a.j.t.JMeterThread: Thread started: Thread Group 1-80
2023-01-14 22:04:42,815 INFO o.a.j.t.JMeterThread: Thread started: Thread Group 1-81
2023-01-14 22:04:42,824 INFO o.a.j.t.JMeterThread: Thread started: Thread Group 1-82
2023-01-14 22:04:42,837 INFO o.a.j.t.JMeterThread: Thread started: Thread Group 1-83
2023-01-14 22:04:42,844 INFO o.a.j.t.JMeterThread: Thread started: Thread Group 1-84
2023-01-14 22:04:42,853 INFO o.a.j.t.JMeterThread: Thread started: Thread Group 1-85
2023-01-14 22:04:42,864 INFO o.a.j.t.JMeterThread: Thread started: Thread Group 1-86
2023-01-14 22:04:42,874 INFO o.a.j.t.JMeterThread: Thread started: Thread Group 1-87
2023-01-14 22:04:42,883 INFO o.a.j.t.JMeterThread: Thread started: Thread Group 1-88
2023-01-14 22:04:42,894 INFO o.a.j.t.JMeterThread: Thread started: Thread Group 1-89
2023-01-14 22:04:42,904 INFO o.a.j.t.JMeterThread: Thread started: Thread Group 1-90
2023-01-14 22:04:42,913 INFO o.a.j.t.JMeterThread: Thread started: Thread Group 1-91
2023-01-14 22:04:42,924 INFO o.a.j.t.JMeterThread: Thread started: Thread Group 1-92
2023-01-14 22:04:42,934 INFO o.a.j.t.JMeterThread: Thread started: Thread Group 1-93
2023-01-14 22:04:42,944 INFO o.a.j.t.JMeterThread: Thread started: Thread Group 1-94
2023-01-14 22:04:42,953 INFO o.a.j.t.JMeterThread: Thread started: Thread Group 1-95
2023-01-14 22:04:42,963 INFO o.a.j.t.JMeterThread: Thread started: Thread Group 1-96
2023-01-14 22:04:42,974 INFO o.a.j.t.JMeterThread: Thread started: Thread Group 1-97
2023-01-14 22:04:42,984 INFO o.a.j.t.JMeterThread: Thread started: Thread Group 1-98
2023-01-14 22:04:42,994 INFO o.a.j.t.JMeterThread: Thread started: Thread Group 1-99
2023-01-14 22:04:43,003 INFO o.a.j.t.JMeterThread: Thread started: Thread Group 1-100
2023-01-14 22:05:00,028 INFO o.a.j.r.Summariser: summary +    847 in 00:00:18 =   46.9/s Avg:  1652 Min:   826 Max:  2360 Err:     0 (0.00%) Active: 100 Started: 100 Finished: 0
2023-01-14 22:05:30,035 INFO o.a.j.r.Summariser: summary +    587 in 00:00:30 =   19.6/s Avg:  4291 Min:  1116 Max: 11760 Err:     0 (0.00%) Active: 100 Started: 100 Finished: 0
2023-01-14 22:05:30,036 INFO o.a.j.r.Summariser: summary =   1434 in 00:00:48 =   29.8/s Avg:  2732 Min:   826 Max: 11760 Err:     0 (0.00%)
2023-01-14 22:06:00,082 INFO o.a.j.r.Summariser: summary +    342 in 00:00:30 =   11.4/s Avg:  8567 Min:  5739 Max: 11724 Err:     0 (0.00%) Active: 100 Started: 100 Finished: 0
2023-01-14 22:06:00,082 INFO o.a.j.r.Summariser: summary =   1776 in 00:01:18 =   22.7/s Avg:  3856 Min:   826 Max: 11760 Err:     0 (0.00%)
2023-01-14 22:06:15,589 INFO o.a.j.t.JMeterThread: Stop Thread detected by thread: Thread Group 1-80
2023-01-14 22:06:15,589 INFO o.a.j.t.JMeterThread: Stop Thread detected by thread: Thread Group 1-1
2023-01-14 22:06:15,589 INFO o.a.j.t.JMeterThread: Thread finished: Thread Group 1-80
2023-01-14 22:06:15,589 INFO o.a.j.t.JMeterThread: Thread finished: Thread Group 1-1
2023-01-14 22:06:15,590 INFO o.a.j.t.JMeterThread: Stop Thread detected by thread: Thread Group 1-79
2023-01-14 22:06:15,590 INFO o.a.j.t.JMeterThread: Thread finished: Thread Group 1-79
2023-01-14 22:06:15,591 INFO o.a.j.t.JMeterThread: Stop Thread detected by thread: Thread Group 1-31
2023-01-14 22:06:15,591 INFO o.a.j.t.JMeterThread: Thread finished: Thread Group 1-31
2023-01-14 22:06:15,592 INFO o.a.j.t.JMeterThread: Stop Thread detected by thread: Thread Group 1-16
2023-01-14 22:06:15,592 INFO o.a.j.t.JMeterThread: Thread finished: Thread Group 1-16
2023-01-14 22:06:15,592 INFO o.a.j.t.JMeterThread: Stop Thread detected by thread: Thread Group 1-6
2023-01-14 22:06:15,592 INFO o.a.j.t.JMeterThread: Thread finished: Thread Group 1-6
2023-01-14 22:06:15,593 INFO o.a.j.t.JMeterThread: Stop Thread detected by thread: Thread Group 1-25
2023-01-14 22:06:15,594 INFO o.a.j.t.JMeterThread: Thread finished: Thread Group 1-25
2023-01-14 22:06:16,113 INFO o.a.j.t.JMeterThread: Stop Thread detected by thread: Thread Group 1-73
2023-01-14 22:06:16,113 INFO o.a.j.t.JMeterThread: Thread finished: Thread Group 1-73
2023-01-14 22:06:16,138 INFO o.a.j.t.JMeterThread: Stop Thread detected by thread: Thread Group 1-70
2023-01-14 22:06:16,138 INFO o.a.j.t.JMeterThread: Thread finished: Thread Group 1-70
2023-01-14 22:06:16,141 INFO o.a.j.t.JMeterThread: Stop Thread detected by thread: Thread Group 1-95
2023-01-14 22:06:16,141 INFO o.a.j.t.JMeterThread: Thread finished: Thread Group 1-95
2023-01-14 22:06:16,550 INFO o.a.j.t.JMeterThread: Stop Thread detected by thread: Thread Group 1-48
2023-01-14 22:06:16,550 INFO o.a.j.t.JMeterThread: Thread finished: Thread Group 1-48
2023-01-14 22:06:16,551 INFO o.a.j.t.JMeterThread: Stop Thread detected by thread: Thread Group 1-37
2023-01-14 22:06:16,551 INFO o.a.j.t.JMeterThread: Thread finished: Thread Group 1-37
2023-01-14 22:06:16,552 INFO o.a.j.t.JMeterThread: Stop Thread detected by thread: Thread Group 1-32
2023-01-14 22:06:16,552 INFO o.a.j.t.JMeterThread: Thread finished: Thread Group 1-32
2023-01-14 22:06:16,552 INFO o.a.j.t.JMeterThread: Stop Thread detected by thread: Thread Group 1-52
2023-01-14 22:06:16,552 INFO o.a.j.t.JMeterThread: Thread finished: Thread Group 1-52
2023-01-14 22:06:16,552 INFO o.a.j.t.JMeterThread: Stop Thread detected by thread: Thread Group 1-55
2023-01-14 22:06:16,552 INFO o.a.j.t.JMeterThread: Thread finished: Thread Group 1-55
2023-01-14 22:06:16,584 INFO o.a.j.t.JMeterThread: Stop Thread detected by thread: Thread Group 1-43
2023-01-14 22:06:16,584 INFO o.a.j.t.JMeterThread: Stop Thread detected by thread: Thread Group 1-100
2023-01-14 22:06:16,585 INFO o.a.j.t.JMeterThread: Thread finished: Thread Group 1-43
2023-01-14 22:06:16,585 INFO o.a.j.t.JMeterThread: Thread finished: Thread Group 1-100
2023-01-14 22:06:16,585 INFO o.a.j.t.JMeterThread: Stop Thread detected by thread: Thread Group 1-34
2023-01-14 22:06:16,585 INFO o.a.j.t.JMeterThread: Thread finished: Thread Group 1-34
2023-01-14 22:06:16,588 INFO o.a.j.t.JMeterThread: Stop Thread detected by thread: Thread Group 1-98
2023-01-14 22:06:16,588 INFO o.a.j.t.JMeterThread: Thread finished: Thread Group 1-98
2023-01-14 22:06:16,819 INFO o.a.j.t.JMeterThread: Stop Thread detected by thread: Thread Group 1-83
2023-01-14 22:06:16,819 INFO o.a.j.t.JMeterThread: Stop Thread detected by thread: Thread Group 1-42
2023-01-14 22:06:16,820 INFO o.a.j.t.JMeterThread: Thread finished: Thread Group 1-83
2023-01-14 22:06:16,820 INFO o.a.j.t.JMeterThread: Thread finished: Thread Group 1-42
2023-01-14 22:06:16,820 INFO o.a.j.t.JMeterThread: Stop Thread detected by thread: Thread Group 1-18
2023-01-14 22:06:16,820 INFO o.a.j.t.JMeterThread: Stop Thread detected by thread: Thread Group 1-66
2023-01-14 22:06:16,820 INFO o.a.j.t.JMeterThread: Thread finished: Thread Group 1-66
2023-01-14 22:06:16,820 INFO o.a.j.t.JMeterThread: Thread finished: Thread Group 1-18
2023-01-14 22:06:17,048 INFO o.a.j.t.JMeterThread: Stop Thread detected by thread: Thread Group 1-39
2023-01-14 22:06:17,048 INFO o.a.j.t.JMeterThread: Thread finished: Thread Group 1-39
2023-01-14 22:06:17,049 INFO o.a.j.t.JMeterThread: Stop Thread detected by thread: Thread Group 1-72
2023-01-14 22:06:17,050 INFO o.a.j.t.JMeterThread: Stop Thread detected by thread: Thread Group 1-99
2023-01-14 22:06:17,050 INFO o.a.j.t.JMeterThread: Thread finished: Thread Group 1-72
2023-01-14 22:06:17,050 INFO o.a.j.t.JMeterThread: Thread finished: Thread Group 1-99
2023-01-14 22:06:17,050 INFO o.a.j.t.JMeterThread: Stop Thread detected by thread: Thread Group 1-88
2023-01-14 22:06:17,050 INFO o.a.j.t.JMeterThread: Thread finished: Thread Group 1-88
2023-01-14 22:06:17,052 INFO o.a.j.t.JMeterThread: Stop Thread detected by thread: Thread Group 1-13
2023-01-14 22:06:17,052 INFO o.a.j.t.JMeterThread: Thread finished: Thread Group 1-13
2023-01-14 22:06:17,062 INFO o.a.j.t.JMeterThread: Stop Thread detected by thread: Thread Group 1-41
2023-01-14 22:06:17,062 INFO o.a.j.t.JMeterThread: Thread finished: Thread Group 1-41
2023-01-14 22:06:17,063 INFO o.a.j.t.JMeterThread: Stop Thread detected by thread: Thread Group 1-61
2023-01-14 22:06:17,063 INFO o.a.j.t.JMeterThread: Thread finished: Thread Group 1-61
2023-01-14 22:06:17,063 INFO o.a.j.t.JMeterThread: Stop Thread detected by thread: Thread Group 1-26
2023-01-14 22:06:17,063 INFO o.a.j.t.JMeterThread: Thread finished: Thread Group 1-26
2023-01-14 22:06:17,065 INFO o.a.j.t.JMeterThread: Stop Thread detected by thread: Thread Group 1-62
2023-01-14 22:06:17,065 INFO o.a.j.t.JMeterThread: Thread finished: Thread Group 1-62
2023-01-14 22:06:17,065 INFO o.a.j.t.JMeterThread: Stop Thread detected by thread: Thread Group 1-74
2023-01-14 22:06:17,065 INFO o.a.j.t.JMeterThread: Thread finished: Thread Group 1-74
2023-01-14 22:06:17,066 INFO o.a.j.t.JMeterThread: Stop Thread detected by thread: Thread Group 1-36
2023-01-14 22:06:17,066 INFO o.a.j.t.JMeterThread: Thread finished: Thread Group 1-36
2023-01-14 22:06:17,086 INFO o.a.j.t.JMeterThread: Stop Thread detected by thread: Thread Group 1-84
2023-01-14 22:06:17,086 INFO o.a.j.t.JMeterThread: Thread finished: Thread Group 1-84
2023-01-14 22:06:17,086 INFO o.a.j.t.JMeterThread: Stop Thread detected by thread: Thread Group 1-54
2023-01-14 22:06:17,086 INFO o.a.j.t.JMeterThread: Thread finished: Thread Group 1-54
2023-01-14 22:06:17,086 INFO o.a.j.t.JMeterThread: Stop Thread detected by thread: Thread Group 1-38
2023-01-14 22:06:17,086 INFO o.a.j.t.JMeterThread: Thread finished: Thread Group 1-38
2023-01-14 22:06:17,086 INFO o.a.j.t.JMeterThread: Stop Thread detected by thread: Thread Group 1-81
2023-01-14 22:06:17,086 INFO o.a.j.t.JMeterThread: Thread finished: Thread Group 1-81
2023-01-14 22:06:17,311 INFO o.a.j.t.JMeterThread: Stop Thread detected by thread: Thread Group 1-28
2023-01-14 22:06:17,311 INFO o.a.j.t.JMeterThread: Thread finished: Thread Group 1-28
2023-01-14 22:06:17,318 INFO o.a.j.t.JMeterThread: Stop Thread detected by thread: Thread Group 1-30
2023-01-14 22:06:17,319 INFO o.a.j.t.JMeterThread: Thread finished: Thread Group 1-30
2023-01-14 22:06:17,320 INFO o.a.j.t.JMeterThread: Stop Thread detected by thread: Thread Group 1-53
2023-01-14 22:06:17,320 INFO o.a.j.t.JMeterThread: Thread finished: Thread Group 1-53
2023-01-14 22:06:17,320 INFO o.a.j.t.JMeterThread: Stop Thread detected by thread: Thread Group 1-64
2023-01-14 22:06:17,320 INFO o.a.j.t.JMeterThread: Thread finished: Thread Group 1-64
2023-01-14 22:06:17,321 INFO o.a.j.t.JMeterThread: Stop Thread detected by thread: Thread Group 1-15
2023-01-14 22:06:17,321 INFO o.a.j.t.JMeterThread: Thread finished: Thread Group 1-15
2023-01-14 22:06:17,322 INFO o.a.j.t.JMeterThread: Stop Thread detected by thread: Thread Group 1-91
2023-01-14 22:06:17,322 INFO o.a.j.t.JMeterThread: Thread finished: Thread Group 1-91
2023-01-14 22:06:17,322 INFO o.a.j.t.JMeterThread: Stop Thread detected by thread: Thread Group 1-94
2023-01-14 22:06:17,322 INFO o.a.j.t.JMeterThread: Thread finished: Thread Group 1-94
2023-01-14 22:06:17,323 INFO o.a.j.t.JMeterThread: Stop Thread detected by thread: Thread Group 1-47
2023-01-14 22:06:17,323 INFO o.a.j.t.JMeterThread: Thread finished: Thread Group 1-47
2023-01-14 22:06:17,323 INFO o.a.j.t.JMeterThread: Stop Thread detected by thread: Thread Group 1-87
2023-01-14 22:06:17,323 INFO o.a.j.t.JMeterThread: Thread finished: Thread Group 1-87
2023-01-14 22:06:17,323 INFO o.a.j.t.JMeterThread: Stop Thread detected by thread: Thread Group 1-76
2023-01-14 22:06:17,323 INFO o.a.j.t.JMeterThread: Thread finished: Thread Group 1-76
2023-01-14 22:06:17,337 INFO o.a.j.t.JMeterThread: Stop Thread detected by thread: Thread Group 1-57
2023-01-14 22:06:17,337 INFO o.a.j.t.JMeterThread: Thread finished: Thread Group 1-57
2023-01-14 22:06:18,544 INFO o.a.j.t.JMeterThread: Stop Thread detected by thread: Thread Group 1-40
2023-01-14 22:06:18,545 INFO o.a.j.t.JMeterThread: Thread finished: Thread Group 1-40
2023-01-14 22:06:18,842 INFO o.a.j.t.JMeterThread: Stop Thread detected by thread: Thread Group 1-56
2023-01-14 22:06:18,842 INFO o.a.j.t.JMeterThread: Thread finished: Thread Group 1-56
2023-01-14 22:06:20,076 INFO o.a.j.t.JMeterThread: Stop Thread detected by thread: Thread Group 1-78
2023-01-14 22:06:20,076 INFO o.a.j.t.JMeterThread: Thread finished: Thread Group 1-78
2023-01-14 22:06:21,565 INFO o.a.j.t.JMeterThread: Stop Thread detected by thread: Thread Group 1-5
2023-01-14 22:06:21,565 INFO o.a.j.t.JMeterThread: Thread finished: Thread Group 1-5
2023-01-14 22:06:21,792 INFO o.a.j.t.JMeterThread: Stop Thread detected by thread: Thread Group 1-8
2023-01-14 22:06:21,792 INFO o.a.j.t.JMeterThread: Thread finished: Thread Group 1-8
2023-01-14 22:06:21,994 INFO o.a.j.t.JMeterThread: Stop Thread detected by thread: Thread Group 1-27
2023-01-14 22:06:21,994 INFO o.a.j.t.JMeterThread: Thread finished: Thread Group 1-27
2023-01-14 22:06:22,112 INFO o.a.j.t.JMeterThread: Stop Thread detected by thread: Thread Group 1-2
2023-01-14 22:06:22,112 INFO o.a.j.t.JMeterThread: Thread finished: Thread Group 1-2
2023-01-14 22:06:23,196 INFO o.a.j.t.JMeterThread: Stop Thread detected by thread: Thread Group 1-7
2023-01-14 22:06:23,196 INFO o.a.j.t.JMeterThread: Thread finished: Thread Group 1-7
2023-01-14 22:06:23,325 INFO o.a.j.t.JMeterThread: Stop Thread detected by thread: Thread Group 1-19
2023-01-14 22:06:23,325 INFO o.a.j.t.JMeterThread: Thread finished: Thread Group 1-19
2023-01-14 22:06:23,868 INFO o.a.j.t.JMeterThread: Stop Thread detected by thread: Thread Group 1-9
2023-01-14 22:06:23,868 INFO o.a.j.t.JMeterThread: Thread finished: Thread Group 1-9
2023-01-14 22:06:23,869 INFO o.a.j.t.JMeterThread: Stop Thread detected by thread: Thread Group 1-77
2023-01-14 22:06:23,869 INFO o.a.j.t.JMeterThread: Thread finished: Thread Group 1-77
2023-01-14 22:06:25,084 INFO o.a.j.t.JMeterThread: Stop Thread detected by thread: Thread Group 1-96
2023-01-14 22:06:25,085 INFO o.a.j.t.JMeterThread: Thread finished: Thread Group 1-96
2023-01-14 22:06:25,085 INFO o.a.j.t.JMeterThread: Stop Thread detected by thread: Thread Group 1-82
2023-01-14 22:06:25,086 INFO o.a.j.t.JMeterThread: Thread finished: Thread Group 1-82
2023-01-14 22:06:26,052 INFO o.a.j.t.JMeterThread: Stop Thread detected by thread: Thread Group 1-21
2023-01-14 22:06:26,052 INFO o.a.j.t.JMeterThread: Thread finished: Thread Group 1-21
2023-01-14 22:06:26,055 INFO o.a.j.t.JMeterThread: Stop Thread detected by thread: Thread Group 1-22
2023-01-14 22:06:26,055 INFO o.a.j.t.JMeterThread: Thread finished: Thread Group 1-22
2023-01-14 22:06:26,068 INFO o.a.j.t.JMeterThread: Stop Thread detected by thread: Thread Group 1-20
2023-01-14 22:06:26,068 INFO o.a.j.t.JMeterThread: Thread finished: Thread Group 1-20
2023-01-14 22:06:26,087 INFO o.a.j.t.JMeterThread: Stop Thread detected by thread: Thread Group 1-51
2023-01-14 22:06:26,087 INFO o.a.j.t.JMeterThread: Thread finished: Thread Group 1-51
2023-01-14 22:06:26,089 INFO o.a.j.t.JMeterThread: Stop Thread detected by thread: Thread Group 1-33
2023-01-14 22:06:26,090 INFO o.a.j.t.JMeterThread: Thread finished: Thread Group 1-33
2023-01-14 22:06:27,261 INFO o.a.j.t.JMeterThread: Stop Thread detected by thread: Thread Group 1-90
2023-01-14 22:06:27,261 INFO o.a.j.t.JMeterThread: Thread finished: Thread Group 1-90
2023-01-14 22:06:28,316 INFO o.a.j.t.JMeterThread: Stop Thread detected by thread: Thread Group 1-92
2023-01-14 22:06:28,316 INFO o.a.j.t.JMeterThread: Thread finished: Thread Group 1-92
2023-01-14 22:06:29,284 INFO o.a.j.t.JMeterThread: Stop Thread detected by thread: Thread Group 1-85
2023-01-14 22:06:29,285 INFO o.a.j.t.JMeterThread: Thread finished: Thread Group 1-85
2023-01-14 22:06:30,269 INFO o.a.j.r.Summariser: summary +    263 in 00:00:30 =    8.7/s Avg:  7531 Min:     0 Max: 19424 Err:    71 (27.00%) Active: 30 Started: 100 Finished: 70
2023-01-14 22:06:30,270 INFO o.a.j.r.Summariser: summary =   2039 in 00:01:48 =   18.8/s Avg:  4330 Min:     0 Max: 19424 Err:    71 (3.48%)
2023-01-14 22:06:30,270 INFO o.a.j.t.JMeterThread: Stop Thread detected by thread: Thread Group 1-35
2023-01-14 22:06:30,270 INFO o.a.j.t.JMeterThread: Thread finished: Thread Group 1-35
2023-01-14 22:06:30,493 INFO o.a.j.t.JMeterThread: Stop Thread detected by thread: Thread Group 1-86
2023-01-14 22:06:30,493 INFO o.a.j.t.JMeterThread: Stop Thread detected by thread: Thread Group 1-11
2023-01-14 22:06:30,493 INFO o.a.j.t.JMeterThread: Thread finished: Thread Group 1-86
2023-01-14 22:06:30,493 INFO o.a.j.t.JMeterThread: Thread finished: Thread Group 1-11
2023-01-14 22:06:31,547 INFO o.a.j.t.JMeterThread: Stop Thread detected by thread: Thread Group 1-50
2023-01-14 22:06:31,548 INFO o.a.j.t.JMeterThread: Thread finished: Thread Group 1-50
2023-01-14 22:06:32,763 INFO o.a.j.t.JMeterThread: Stop Thread detected by thread: Thread Group 1-23
2023-01-14 22:06:32,764 INFO o.a.j.t.JMeterThread: Thread finished: Thread Group 1-23
2023-01-14 22:06:32,903 INFO o.a.j.t.JMeterThread: Stop Thread detected by thread: Thread Group 1-3
2023-01-14 22:06:32,903 INFO o.a.j.t.JMeterThread: Thread finished: Thread Group 1-3
2023-01-14 22:06:35,389 INFO o.a.j.t.JMeterThread: Stop Thread detected by thread: Thread Group 1-60
2023-01-14 22:06:35,389 INFO o.a.j.t.JMeterThread: Thread finished: Thread Group 1-60
2023-01-14 22:06:36,271 INFO o.a.j.t.JMeterThread: Stop Thread detected by thread: Thread Group 1-14
2023-01-14 22:06:36,271 INFO o.a.j.t.JMeterThread: Thread finished: Thread Group 1-14
2023-01-14 22:06:36,272 INFO o.a.j.t.JMeterThread: Stop Thread detected by thread: Thread Group 1-12
2023-01-14 22:06:36,272 INFO o.a.j.t.JMeterThread: Thread finished: Thread Group 1-12
2023-01-14 22:06:36,287 INFO o.a.j.t.JMeterThread: Stop Thread detected by thread: Thread Group 1-93
2023-01-14 22:06:36,288 INFO o.a.j.t.JMeterThread: Thread finished: Thread Group 1-93
2023-01-14 22:06:36,289 INFO o.a.j.t.JMeterThread: Stop Thread detected by thread: Thread Group 1-68
2023-01-14 22:06:36,289 INFO o.a.j.t.JMeterThread: Thread finished: Thread Group 1-68
2023-01-14 22:06:36,457 INFO o.a.j.t.JMeterThread: Stop Thread detected by thread: Thread Group 1-46
2023-01-14 22:06:36,457 INFO o.a.j.t.JMeterThread: Thread finished: Thread Group 1-46
2023-01-14 22:06:36,488 INFO o.a.j.t.JMeterThread: Stop Thread detected by thread: Thread Group 1-44
2023-01-14 22:06:36,489 INFO o.a.j.t.JMeterThread: Thread finished: Thread Group 1-44
2023-01-14 22:06:36,516 INFO o.a.j.t.JMeterThread: Stop Thread detected by thread: Thread Group 1-49
2023-01-14 22:06:36,516 INFO o.a.j.t.JMeterThread: Thread finished: Thread Group 1-49
2023-01-14 22:06:37,341 INFO o.a.j.t.JMeterThread: Stop Thread detected by thread: Thread Group 1-71
2023-01-14 22:06:37,341 INFO o.a.j.t.JMeterThread: Thread finished: Thread Group 1-71
2023-01-14 22:06:37,462 INFO o.a.j.t.JMeterThread: Stop Thread detected by thread: Thread Group 1-67
2023-01-14 22:06:37,462 INFO o.a.j.t.JMeterThread: Thread finished: Thread Group 1-67
2023-01-14 22:06:38,301 INFO o.a.j.t.JMeterThread: Stop Thread detected by thread: Thread Group 1-59
2023-01-14 22:06:38,301 INFO o.a.j.t.JMeterThread: Thread finished: Thread Group 1-59
2023-01-14 22:06:38,518 INFO o.a.j.t.JMeterThread: Stop Thread detected by thread: Thread Group 1-58
2023-01-14 22:06:38,518 INFO o.a.j.t.JMeterThread: Thread finished: Thread Group 1-58
2023-01-14 22:06:39,517 INFO o.a.j.t.JMeterThread: Stop Thread detected by thread: Thread Group 1-17
2023-01-14 22:06:39,517 INFO o.a.j.t.JMeterThread: Thread finished: Thread Group 1-17
2023-01-14 22:06:39,518 INFO o.a.j.t.JMeterThread: Stop Thread detected by thread: Thread Group 1-65
2023-01-14 22:06:39,518 INFO o.a.j.t.JMeterThread: Thread finished: Thread Group 1-65
2023-01-14 22:06:40,572 INFO o.a.j.t.JMeterThread: Stop Thread detected by thread: Thread Group 1-63
2023-01-14 22:06:40,572 INFO o.a.j.t.JMeterThread: Thread finished: Thread Group 1-63
2023-01-14 22:06:40,695 INFO o.a.j.t.JMeterThread: Stop Thread detected by thread: Thread Group 1-89
2023-01-14 22:06:40,695 INFO o.a.j.t.JMeterThread: Thread finished: Thread Group 1-89
2023-01-14 22:06:40,897 INFO o.a.j.t.JMeterThread: Stop Thread detected by thread: Thread Group 1-4
2023-01-14 22:06:40,897 INFO o.a.j.t.JMeterThread: Thread finished: Thread Group 1-4
2023-01-14 22:06:41,019 INFO o.a.j.t.JMeterThread: Stop Thread detected by thread: Thread Group 1-97
2023-01-14 22:06:41,020 INFO o.a.j.t.JMeterThread: Thread finished: Thread Group 1-97
2023-01-14 22:06:42,112 INFO o.a.j.t.JMeterThread: Stop Thread detected by thread: Thread Group 1-24
2023-01-14 22:06:42,112 INFO o.a.j.t.JMeterThread: Thread finished: Thread Group 1-24
2023-01-14 22:06:43,580 INFO o.a.j.t.JMeterThread: Stop Thread detected by thread: Thread Group 1-75
2023-01-14 22:06:43,581 INFO o.a.j.t.JMeterThread: Thread finished: Thread Group 1-75
2023-01-14 22:06:43,586 INFO o.a.j.t.JMeterThread: Stop Thread detected by thread: Thread Group 1-69
2023-01-14 22:06:43,586 INFO o.a.j.t.JMeterThread: Thread finished: Thread Group 1-69
2023-01-14 22:06:43,606 INFO o.a.j.t.JMeterThread: Stop Thread detected by thread: Thread Group 1-10
2023-01-14 22:06:43,606 INFO o.a.j.t.JMeterThread: Thread finished: Thread Group 1-10
2023-01-14 22:06:43,621 INFO o.a.j.t.JMeterThread: Stop Thread detected by thread: Thread Group 1-45
2023-01-14 22:06:43,621 INFO o.a.j.t.JMeterThread: Thread finished: Thread Group 1-45
2023-01-14 22:06:43,847 INFO o.a.j.t.JMeterThread: Stop Thread detected by thread: Thread Group 1-29
2023-01-14 22:06:43,847 INFO o.a.j.t.JMeterThread: Thread finished: Thread Group 1-29
2023-01-14 22:06:43,848 INFO o.a.j.e.StandardJMeterEngine: Notifying test listeners of end of test
2023-01-14 22:06:43,848 INFO o.a.j.r.Summariser: summary +     29 in 00:00:14 =    2.1/s Avg: 26049 Min: 16397 Max: 33749 Err:    29 (100.00%) Active: 0 Started: 100 Finished: 100
2023-01-14 22:06:43,849 INFO o.a.j.r.Summariser: summary =   2068 in 00:02:02 =   17.0/s Avg:  4634 Min:     0 Max: 33749 Err:   100 (4.84%)
